
*** VIRTUAL MACHINE EXCEPTION AT 4232: 1002 NULL REFERENCE EXCEPTION ***

4232    callm   35,18           ;PhysicsComponent::elasticity

*** TRACING BACK CALLSTACK ***

   0: EyeBall::EyeBall()
   1: global::main()
   2: native_entry_point()

*** LISTING REGISTER CONTENTS ***

  r0 : null
  r1 : null
  r2 : global
  r3 : null
  r4 : float 0.5
  r5 : array [2]
  r6 : int 1
  r7 : null
  r8 : null
  r9 : null
  r10: null
  r11: null
  r12: null
  r13: null
  r14: null
  r15: null
  r16: null
  r17: null
  r18: null
  r19: null
  r20: null
  r21: null
  r22: null
  r23: null
  r24: null
  r25: null
  r26: null
  r27: null
  r28: null
  r29: null
  r30: null
  r31: null

*** LISTING STACK CONTENTS ***

    0: float 0.5
    1: EyeBall
    2: int 1
    3: int 1
    4: array [2]
    5: EyeBall
    6: Anchor
    7: Point2F
    8: null
    9: null
   10: Anchor
   11: null
   12: null
   13: null
   14: PhysicalZone
   15: int 16
   16: null

*** LISTING FULL FUNCTION ***

function EyeBall::EyeBall :
4066    pushr   r3-r6
4069    jsr     3922            ;EyeBall::GameObject
4071    push    
4072    copyh   2,(sp+0)        ;int 1
4075    jsr     4022            ;EyeBall::mouseable
4077    pop     
4078    push    
4079    copy    (r2+48),(sp+0)
4083    jsr     4004            ;EyeBall::catagory
4085    pop     
4086    jsr     3990            ;EyeBall::sprite
4088    move    r1,r3
4091    push    r0
4093    moveh   59,r4           ;string "eye_ball"
4096    push    
4097    move    r4,(sp+0)
4100    move    r3,r0
4103    callm   28,14           ;SpriteComponent::file
4106    pop     
4107    pop     r0
4109    jsr     3990            ;EyeBall::sprite
4111    move    r1,r3
4114    push    r0
4116    moveh   60,r4           ;int 500
4119    push    
4120    copy    r4,(sp+0)
4123    move    r3,r0
4126    callm   28,1            ;SpriteComponent::drawOrder
4129    pop     
4130    pop     r0
4132    jsr     3990            ;EyeBall::sprite
4134    move    r1,r3
4137    push    r0
4139    alloca  1,0,r5          ;type var
4143    ldz     r6
4145    copyh   3,(r5+r6)       ;int 2
4149    incl    r6
4151    copyh   3,(r5+r6)       ;int 2
4155    push    r0
4157    push    r5
4159    allocn  24,r0           ;class Point2F
4162    callm   24,1            ;Point2F::Point2F
4165    pop     
4166    move    r0,r1
4169    pop     r0
4171    move    r1,r4
4174    push    
4175    move    r4,(sp+0)
4178    move    r3,r0
4181    callm   28,3            ;SpriteComponent::scale
4184    pop     
4185    pop     r0
4187    jsr     3986            ;EyeBall::movement
4189    move    r1,r3
4192    push    r0
4194    pushm   3
4196    move    (sp+8),(sp+0)
4199    move    (sp+9),(sp+1)
4202    moveh   0,(sp+2)        ;null
4205    move    r3,r0
4208    callm   23,13           ;MovementComponent::setPosition
4211    popm    3
4213    pop     r0
4215    jsr     3988            ;EyeBall::physics
4217    move    r1,r3
4220    push    r0
4222    moveh   28,r4           ;float 0.5
4225    push    
4226    copy    r4,(sp+0)
4229    move    r3,r0
4232    callm   35,18           ;PhysicsComponent::elasticity
4235    pop     
4236    pop     r0
4238    jsr     3988            ;EyeBall::physics
4240    move    r1,r3
4243    push    r0
4245    moveh   28,r4           ;float 0.5
4248    push    
4249    copy    r4,(sp+0)
4252    move    r3,r0
4255    callm   35,17           ;PhysicsComponent::friction
4258    pop     
4259    pop     r0
4261    jsr     3988            ;EyeBall::physics
4263    move    r1,r3
4266    push    r0
4268    push    
4269    copyh   2,(sp+0)        ;int 1
4272    move    r3,r0
4275    callm   35,12           ;PhysicsComponent::respondToPhysicalZones
4278    pop     
4279    pop     r0
4281    push    
4282    copyh   2,(sp+0)        ;int 1
4285    jsr     4054            ;EyeBall::processingTicks
4287    pop     
4288    popr    r3-r6
4291    ret     
